https://google.com
https://www.google.co.kr/imghp?hl=ko&tab=wi
https://maps.google.co.kr/maps?hl=ko&tab=wl
https://play.google.com/?hl=ko&tab=w8
https://www.youtube.com/?gl=KR&tab=w1
https://news.google.co.kr/nwshp?hl=ko&tab=wn
https://mail.google.com/mail/?tab=wm
https://drive.google.com/?tab=wo
https://www.google.co.kr/intl/ko/options/
http://www.google.co.kr/history/optout?hl=ko
https://www.google.co.kr/preferences?hl=ko
https://accounts.google.com/ServiceLogin?hl=ko&passive=true&continue=https://www.google.co.kr/%3Fgfe_rd%3Dcr%26ei%3DhCwWV9vrJcvC8ge914H4Bg
https://www.google.co.kr/advanced_search?hl=ko&authuser=0
https://www.google.co.kr/language_tools?hl=ko&authuser=0
https://www.google.co.kr/intl/ko/ads/
http://www.google.co.kr/intl/ko/services/
https://plus.google.com/102197601262446632410
https://www.google.co.kr/intl/ko/about.html
https://www.google.co.kr/setprefdomain?prefdom=US&sig=__WPCguV30CBZX-edSH1nm1M4Qzv0%3D
https://www.google.co.kr/intl/ko/policies/privacy/
https://www.google.co.kr/intl/ko/policies/terms/
https://www.google.co.kr/webhp?hl=ko&tab=iw
https://maps.google.co.kr/maps?hl=ko&tab=il
https://play.google.com/?hl=ko&tab=i8
https://www.youtube.com/?hl=ko&gl=KR&tab=i1
https://news.google.co.kr/nwshp?hl=ko&tab=in
https://mail.google.com/mail/?tab=im
https://drive.google.com/?tab=io
https://accounts.google.com/ServiceLogin?hl=ko&passive=true&continue=https://www.google.co.kr/imghp%3Fhl%3Dko%26tab%3Dwi
https://www.google.co.kr/advanced_image_search?hl=ko&authuser=0
https://www.google.co.kr/webhp?hl=ko&tab=8w
http://www.google.co.kr/imghp?hl=ko&tab=8i
https://maps.google.co.kr/maps?hl=ko&tab=8l
https://www.youtube.com/?hl=ko&tab=81
https://news.google.co.kr/nwshp?hl=ko&tab=8n
https://mail.google.com/mail/?tab=8m
https://drive.google.com/?tab=8o
https://play.google.com/store/apps
https://play.google.com/apps
https://play.google.com/store/apps/category/GAME
https://play.google.com/store/apps/category/FAMILY
https://play.google.com/store/apps/collection/editors_choice
https://play.google.com/store/movies
https://play.google.com/movies
https://play.google.com/store/movies/collection/promotion_collections_movie_studios
https://play.google.com/store/movies/category/FAMILY
https://play.google.com/store/books
https://play.google.com/books
https://play.google.com/store/books/category/coll_1706
https://play.google.com/store/newsstand
https://play.google.com/newsstand
https://play.google.com/store/devices
https://play.google.com/store
https://play.google.com/store/account
https://play.google.com/store/myplayactivity
https://play.google.com/wishlist
https://play.google.com/intl/ko_kr/about/giftcards
https://support.google.com/googleplay?p=pff_parentguide
https://play.google.com/settings
https://www.google.com/android/devicemanager?hl=ko
https://play.google.com/store/books/collection/promotion_1001fbf_period_romance_comics_kr
https://play.google.com/store/movies/details?id=evu7AmksWi4
https://play.google.com/store/books/collection/promotion_1001fa5_self_help_16_spring_kr
https://play.google.com/store/movies/collection/promotion_400179b_bourne_franchise_promotion_kr
https://play.google.com/store/multi/collection/promotion_0000072_xfn_kr_hunger_games_2015
https://play.google.com/store/movies/collection/promotion_400178c_weelkly_hot_deals_eg_kr
https://play.google.com/store/newsstand/collection/promotion_6000359_entertainment
https://play.google.com/store/books/collection/promotion_1000ff8_new_release
https://play.google.com/store/books/details/%EC%97%90%EC%9D%B4%EB%AF%B8_%EC%BB%A4%EB%94%94_%ED%94%84%EB%A0%88%EC%A6%8C%EC%8A%A4_%EC%9C%84%EB%8C%80%ED%95%9C_%EB%8F%84%EC%A0%84%EC%9D%84_%EC%99%84%EC%84%B1%ED%95%98%EB%8A%94_%EC%B5%9C%EA%B3%A0%EC%9D%98_%EB%82%98%EB%A5%BC_%EC%B0%BE%EC%95%84%EC%84%9C?id=IgnyCwAAQBAJ
https://play.google.com/store/books/author?id=%EC%97%90%EC%9D%B4%EB%AF%B8+%EC%BB%A4%EB%94%94
https://play.google.com/store/books/details/%ED%86%A0%EB%A7%88_%ED%94%BC%EC%BC%80%ED%8B%B0_%ED%94%BC%EC%BC%80%ED%8B%B0%EC%9D%98_%E6%96%B0%EC%9E%90%EB%B3%B8%EB%A1%A0?id=lL3wCwAAQBAJ
https://play.google.com/store/books/author?id=%ED%86%A0%EB%A7%88+%ED%94%BC%EC%BC%80%ED%8B%B0
https://play.google.com/store/books/details/%EA%B9%80%EC%A2%85%ED%95%84_%EA%B9%80%EC%A2%85%ED%95%84_%EC%A6%9D%EC%96%B8%EB%A1%9D_%EC%84%B8%ED%8A%B8_%ED%95%A9%EB%B3%B8?id=W_7nCwAAQBAJ
https://play.google.com/store/books/author?id=%EA%B9%80%EC%A2%85%ED%95%84
https://play.google.com/store/books/details/%EA%B3%BD%EC%A0%95%EC%9D%80_%EC%9A%B0%EB%A6%AC%EB%8A%94_%EC%96%B4%EC%A7%B8%EC%84%9C_%EC%9D%B4%ED%86%A0%EB%A1%9D?id=Sr3wCwAAQBAJ
https://play.google.com/store/books/author?id=%EA%B3%BD%EC%A0%95%EC%9D%80
https://play.google.com/store/books/details/%EC%B0%A8%EC%9D%B4%EC%A5%94_%EB%AA%A8%EC%82%B4?id=ZePhCwAAQBAJ
https://play.google.com/store/books/author?id=%EC%B0%A8%EC%9D%B4%EC%A5%94
https://play.google.com/store/books/details/%EC%95%8C%EB%AC%B4%EB%8D%B0%EB%82%98_%EA%B7%B8%EB%9E%80%EB%8D%B0%EC%8A%A4_%EB%A3%B0%EB%A3%A8%EC%9D%98_%EC%82%AC%EB%9E%91?id=AKXoCwAAQBAJ
https://play.google.com/store/books/author?id=%EC%95%8C%EB%AC%B4%EB%8D%B0%EB%82%98+%EA%B7%B8%EB%9E%80%EB%8D%B0%EC%8A%A4
https://play.google.com/store/books/details/%EB%B0%95%EA%B2%BD%EC%88%99_%EB%AC%B8%EC%A0%9C%EB%8A%94_%EC%A0%80%ED%95%AD%EB%A0%A5%EC%9D%B4%EB%8B%A4?id=aAzjCwAAQBAJ
https://play.google.com/store/books/author?id=%EB%B0%95%EA%B2%BD%EC%88%99
https://play.google.com/store/books/details/%EC%86%8C%EC%9C%A0%EC%A7%84_%EC%86%8C%EC%9C%A0%EC%A7%84%EC%9D%98_%EC%97%84%EB%A7%88%EB%8F%84_%EC%95%84%EC%9D%B4%EB%8F%84_%EC%A6%90%EA%B1%B0%EC%9A%B4_%EC%9D%B4%EC%9C%A0%EC%8B%9D?id=gbnUCwAAQBAJ
https://play.google.com/store/books/author?id=%EC%86%8C%EC%9C%A0%EC%A7%84
https://play.google.com/store/books/details/%ED%94%84%EB%A0%88%EB%93%9C%EB%A6%AD_%EB%B0%B0%ED%81%AC%EB%A7%8C_%ED%95%A0%EB%A8%B8%EB%8B%88%EA%B0%80_%EB%AF%B8%EC%95%88%ED%95%98%EB%8B%A4%EA%B3%A0_%EC%A0%84%ED%95%B4%EB%8B%AC%EB%9E%AC%EC%96%B4%EC%9A%94?id=sLvgCwAAQBAJ
https://play.google.com/store/books/author?id=%ED%94%84%EB%A0%88%EB%93%9C%EB%A6%AD+%EB%B0%B0%ED%81%AC%EB%A7%8C
https://play.google.com/store/books/details/%EB%AF%B8%EC%95%BC%ED%83%80_%EB%AF%B8%EC%B8%A0%EC%98%A4_%EC%A0%80_%EB%8F%99%ED%99%94%EC%9D%98_%EC%88%B2%EC%97%90%EC%84%9C_%EC%A0%88%EB%8C%80%EC%9E%90%EB%A5%BC_%EB%A7%8C%EB%82%98%EB%8B%A4?id=xeTfCwAAQBAJ
https://play.google.com/store/books/author?id=%EB%AF%B8%EC%95%BC%ED%83%80+%EB%AF%B8%EC%B8%A0%EC%98%A4+%EC%A0%80
https://play.google.com/store/movies/collection/promotion_4000a71_newrelease_mo_eg_ac
https://play.google.com/store/movies/details/%ED%97%9D%EA%B1%B0%EA%B2%8C%EC%9E%84_%EB%8D%94_%ED%8C%8C%EC%9D%B4%EB%84%90?id=AaN_DllwGG0
https://play.google.com/store/movies/category/1
https://play.google.com/store/movies/details/%EB%A0%88%EB%B2%84%EB%84%8C%ED%8A%B8_%EC%A3%BD%EC%9D%8C%EC%97%90%EC%84%9C_%EB%8F%8C%EC%95%84%EC%98%A8_%EC%9E%90?id=D0l9Fxk27Cg
https://play.google.com/store/movies/details/%EA%B2%80%EC%82%AC%EC%99%B8%EC%A0%84?id=fTROqB9n5Z0
https://play.google.com/store/movies/category/4
https://play.google.com/store/movies/details/%EC%97%BD%EB%AC%B8_3_%EC%B5%9C%ED%9B%84%EC%9D%98_%EB%8C%80%EA%B2%B0?id=LWSYPF4xL8E
https://play.google.com/store/movies/details/%EB%B0%B0%ED%8A%B8%EB%A7%A8_%EB%8C%80_%EC%8A%88%ED%8D%BC%EB%A7%A8_%EC%A0%80%EC%8A%A4%ED%8B%B0%EC%8A%A4%EC%9D%98_%EC%8B%9C%EC%9E%91_%EC%9E%90%EB%A7%89%ED%8C%90?id=b2yUgmGXmhM
https://play.google.com/store/movies/details/%EB%B9%85%EC%87%BC%ED%8A%B8?id=ilgKQH-f36A
https://play.google.com/store/movies/category/6
https://play.google.com/store/movies/details/%ED%97%A4%EC%9D%B4%ED%8A%B8%ED%92%808?id=5igtL1BpJas
https://play.google.com/store/movies/details/%ED%8F%AC%EC%9D%B8%ED%8A%B8_%EB%B8%8C%EB%A0%88%EC%9D%B4%ED%81%AC?id=bHHBxUf915w
https://play.google.com/store/movies/details/%EC%8A%A4%ED%8F%AC%ED%8A%B8%EB%9D%BC%EC%9D%B4%ED%8A%B8?id=8eCXB4D94hI
https://play.google.com/store/movies/details/%EB%A3%B8?id=IARsI6qsX3M
https://play.google.com/store/books/collection/promotion_1001065_toppaid_bookkr
https://play.google.com/store/books/details/%EC%9C%A0%EB%B0%9C_%ED%95%98%EB%9D%BC%EB%A6%AC_%EC%82%AC%ED%94%BC%EC%97%94%EC%8A%A4?id=h5UnCwAAQBAJ
https://play.google.com/store/books/author?id=%EC%9C%A0%EB%B0%9C+%ED%95%98%EB%9D%BC%EB%A6%AC
https://play.google.com/store/books/details/%EC%9D%B4%EC%9B%90%ED%98%95_%EA%B2%BD%EC%A0%9C%ED%95%99%EC%9B%90%EB%A1%A0_%EC%97%B0%EC%8A%B5%EB%AC%B8%EC%A0%9C_600?id=6pXVCwAAQBAJ
https://play.google.com/store/books/author?id=%EC%9D%B4%EC%9B%90%ED%98%95
https://play.google.com/store/books/details/%EB%A1%9C%EB%B2%84%ED%8A%B8_%EB%A7%88%EC%9A%B0%EC%96%B4_%EB%81%9D%EA%B9%8C%EC%A7%80_%EA%B3%84%EC%86%8D%ED%95%98%EA%B2%8C_%EB%A7%8C%EB%93%9C%EB%8A%94_%EC%95%84%EC%A3%BC_%EC%9E%91%EC%9D%80_%EB%B0%98%EB%B3%B5%EC%9D%98_%ED%9E%98?id=JgPbCwAAQBAJ
https://play.google.com/store/books/author?id=%EB%A1%9C%EB%B2%84%ED%8A%B8+%EB%A7%88%EC%9A%B0%EC%96%B4
https://play.google.com/store/books/details/%EB%AF%B8%EC%95%BC%EA%B5%AC%EC%B9%98_%EA%B8%B0%EB%AF%B8%ED%86%A0%EC%8B%9C_%EB%AF%B8%EC%B9%9C_%EC%95%94%EA%B8%B0%EB%A0%A5?id=FDCiCwAAQBAJ
https://play.google.com/store/books/author?id=%EB%AF%B8%EC%95%BC%EA%B5%AC%EC%B9%98+%EA%B8%B0%EB%AF%B8%ED%86%A0%EC%8B%9C
https://play.google.com/store/books/details/%EC%9C%A4_%ED%83%9C%EC%9D%BC_%EA%B9%8C%EB%AF%B8%EB%85%B8_%EB%8D%B0_%EC%82%B0%ED%8B%B0%EC%95%84%EA%B3%A0_%ED%94%84%EB%9E%91%EC%8A%A4_%EA%B8%B8_%ED%8E%B8_1%EB%B6%80?id=YJg_CQAAQBAJ
https://play.google.com/store/books/author?id=%EC%9C%A4+%ED%83%9C%EC%9D%BC
https://play.google.com/store/books/details/%ED%86%A0%EB%A5%B4%EC%8A%A4%ED%85%90_%ED%95%98%EB%B2%A0%EB%84%88_%EC%83%9D%EA%B0%81%EC%9D%84_%EC%9D%BD%EB%8A%94%EB%8B%A4?id=_ih5CwAAQBAJ
https://play.google.com/store/books/author?id=%ED%86%A0%EB%A5%B4%EC%8A%A4%ED%85%90+%ED%95%98%EB%B2%A0%EB%84%88
https://play.google.com/store/books/details/%EB%B2%95%EB%A5%9C%EC%8A%A4%EB%8B%98_%EB%B2%95%EB%A5%9C_%EC%8A%A4%EB%8B%98%EC%9D%98_%ED%96%89%EB%B3%B5?id=4YJtCwAAQBAJ
https://play.google.com/store/books/author?id=%EB%B2%95%EB%A5%9C%EC%8A%A4%EB%8B%98
https://play.google.com/store/books/details/%EC%9C%A4%EA%B0%80%EB%9E%8C_%EC%84%B8%ED%8A%B8_%EC%95%84%EC%9D%B4%ED%85%9C_%EB%A7%88%EC%8A%A4%ED%84%B0_%EC%A0%845%EA%B6%8C_%EC%99%84%EA%B2%B0?id=JTqTCwAAQBAJ
https://play.google.com/store/books/author?id=%EC%9C%A4%EA%B0%80%EB%9E%8C
https://play.google.com/store/books/details/%EA%B8%B0%EC%9A%A4_%EB%AE%88%EC%86%8C_%EC%A7%80%EA%B8%88_%EC%9D%B4_%EC%88%9C%EA%B0%84?id=Dhg4CwAAQBAJ
https://play.google.com/store/books/author?id=%EA%B8%B0%EC%9A%A4+%EB%AE%88%EC%86%8C
https://play.google.com/store/books/details/%EC%95%84%EC%9D%B4%EC%88%98_%EC%84%B8%ED%8A%B8_%EB%B6%80%EB%B6%80%EC%9E%96%EC%95%84%EC%9A%94_%EC%9A%B0%EB%A6%AC_%EC%A0%842%EA%B6%8C_%EC%99%84%EA%B2%B0?id=ySLICgAAQBAJ
https://play.google.com/store/books/author?id=%EC%95%84%EC%9D%B4%EC%88%98
https://play.google.com/store/movies/collection/promotion_4000a71_newrelease_theater_ac
https://play.google.com/store/movies/details/%EB%8F%99%EC%A3%BC?id=BT0nosQ4zdI
https://play.google.com/store/movies/details/%EA%B7%80%ED%96%A5?id=evu7AmksWi4
https://play.google.com/store/movies/details/%EB%8C%80%EB%B0%B0%EC%9A%B0?id=VNViTvImXjw
https://play.google.com/store/movies/details/%EC%84%B1%EB%A3%A1%EC%9D%98_%EC%95%84%EC%8B%9C%EC%88%98?id=DAPcfuvt_g0
https://play.google.com/store/movies/details/%EC%8A%A4%ED%83%80%EC%9B%8C%EC%A6%88_%EA%B9%A8%EC%96%B4%EB%82%9C_%ED%8F%AC%EC%8A%A4_%EC%9E%90%EB%A7%89%ED%8C%90?id=7QGhMkD6Oyo
https://play.google.com/store/movies/details/%EC%88%98%EC%83%89%EC%97%AD?id=1n9qloG0sXw
https://play.google.com/store/movies/details/33?id=mpIxYiYyQTs
https://play.google.com/store/movies/details/%EB%A7%88%EC%9D%8C%EC%9D%B4_%EC%99%B8%EC%B9%98%EA%B3%A0_%EC%8B%B6%EC%96%B4%ED%95%B4_%EC%9E%90%EB%A7%89%ED%8C%90?id=8p-cnGFje38
https://play.google.com/store/movies/category/2
https://play.google.com/store/movies/details/%EB%AF%B8%EC%8A%A4%EC%BB%A8%EB%8D%95%ED%8A%B8?id=Bwi3QpqIkYk
https://play.google.com/store/movies/details/%EB%85%B8%EC%8A%A4%EB%A7%A8_%EB%B0%94%EC%9D%B4%ED%82%B9%EA%B3%BC_%EB%8A%91%EB%8C%80%EA%B5%B0%EB%8B%A8?id=bLpsClBGSys
https://play.google.com/store/newsstand/news/%ED%85%90%EC%95%84%EC%8B%9C%EC%95%84?id=CAowgfTKBA
https://play.google.com/store/newsstand/news/%EC%94%A8%EB%84%A421?id=CAowqZ3dCg
https://play.google.com/store/newsstand/news/%ED%86%B1%EC%8A%A4%ED%83%80%EB%89%B4%EC%8A%A4_TOPSTARNEWS_NET?id=CAowxbbcCg
https://play.google.com/store/newsstand/news/%EB%A7%A4%EA%B1%B0%EC%A7%84ize?id=CAowhOPcCg
https://play.google.com/store/newsstand/news/TV_%EB%A6%AC%ED%8F%AC%ED%8A%B8?id=CAown7ndCg
https://play.google.com/store/newsstand/news/%EA%B2%8C%EC%9E%84%EB%A9%94%EC%B9%B4?id=CAown4Vu
https://play.google.com/store/newsstand/news/%EC%8A%A4%ED%83%80%EC%84%9C%EC%9A%B8tv?id=CAowypjdCg
https://play.google.com/store/newsstand/news/%ED%97%A4%EB%9F%B4%EB%93%9CPOP?id=CAow2ZndCg
https://play.google.com/store/newsstand/news/%EC%8A%A4%ED%83%80%EB%89%B4%EC%8A%A4?id=CAow8-LcCg
https://play.google.com/store/newsstand/news/%EA%B2%8C%EC%9E%84%EB%8F%99%EC%95%84?id=CAowxMXdCg
https://play.google.com/intl/ko_kr/about/play-terms.html
http://www.google.com/intl/ko_kr/policies/privacy/
http://developer.android.com/index.html
https://support.google.com/googleplay/?p=about_play
https://support.google.com/googleplay/?hl=kr&hlrm=en
https://support.google.com/googleplay/answer/1335206?hl=ko
https://www.youtube.com/
https://www.youtube.com/upload
https://www.youtube.com/feed/trending
https://www.youtube.com/channel/UC-9-kyTW8ZkZNDHQJ6FgpwQ
https://www.youtube.com/channel/UCEgdi0XIXXZ-qJOFPf4JSKw
https://www.youtube.com/channel/UCOpNcN46UbXVtpKMrmU4Abg
https://www.youtube.com/channel/UClgRkhTL3_hImCAmdLfDE4g
https://www.youtube.com/channel/UCPtNLUGRiiwt5GeAZOnSuWw
https://www.youtube.com/channel/UCYfdidRxbB8Qhf0Nx7ioOYw
https://www.youtube.com/channel/UC4R8DWoMoI7CAwX8_LjQHig
https://www.youtube.com/channel/UCzuqhhs6NWbgTzMuM09WKDQ
https://www.youtube.com/channels
https://accounts.google.com/ServiceLogin?continue=https%3A%2F%2Fwww.youtube.com%2Fsignin%3Fhl%3Dko%26app%3Ddesktop%26next%3D%252F%253Fgl%253DKR%2526tab%253Dw1%26feature%3Dsign_in_promo%26action_handle_signin%3Dtrue&uilel=3&service=youtube&passive=true&hl=ko
https://support.google.com/youtube/answer/1738660?hl=ko
javascript:void(0)
https://support.google.com/youtube/answer/1738660?hl=en
https://www.youtube.com/watch?v=rFgBv2xWRaA
https://www.youtube.com/user/gosxo
https://www.youtube.com/watch?v=mGIVIM7VTM8
https://www.youtube.com/user/Hines382
https://www.youtube.com/watch?v=xa1JldGm3ZE
https://www.youtube.com/user/sleepground
https://www.youtube.com/watch?v=kePOBS3d7pE
https://www.youtube.com/user/tvddotty
https://www.youtube.com/user/mediamongu
https://www.youtube.com/watch?v=4KOtSq8owUo
https://www.youtube.com/watch?v=Xak_ThME4Kw
https://www.youtube.com/watch?v=yltZol81Ahc
https://www.youtube.com/watch?v=5546pTcbirM
https://www.youtube.com/watch?v=uZRckpkTzsQ
https://www.youtube.com/watch?v=y_QdtOejZcA
https://www.youtube.com/watch?v=qs8boqHQ4RE
https://www.youtube.com/watch?v=swPqdrOKxg4
https://www.youtube.com/watch?v=8UmfxnNvIjI
https://www.youtube.com/watch?v=-o1XY_MGXYc
https://www.youtube.com/channel/UCuW2jHXhNe1ev2raME_6JjA
https://www.youtube.com/watch?v=kf5Zuk8r2_A
https://www.youtube.com/watch?v=dK7_S3MP2Nc
https://www.youtube.com/watch?v=UMl2PBRqqV8
https://www.youtube.com/watch?v=u0VLXKnGVm4
https://www.youtube.com/watch?v=ESFJ7MrlXMI
https://www.youtube.com/watch?v=H9qYzBPfxOs
https://www.youtube.com/watch?v=GgI89OlaA6c
https://www.youtube.com/watch?v=7Wr-bpSw18o
https://www.youtube.com/watch?v=l3a4xVmOV1c
https://www.youtube.com/watch?v=jLHw6EVcnO0
https://www.youtube.com/user/CJENMMUSIC
https://www.youtube.com/watch?v=BiorIyrjTHc
https://www.youtube.com/watch?v=ewjucLierFc
https://www.youtube.com/watch?v=JtjxZoa_LHM
https://www.youtube.com/watch?v=QbhmTM1cRro
https://www.youtube.com/watch?v=qqqRn0l0PKE
https://www.youtube.com/watch?v=UsaJsymfuWU
https://www.youtube.com/watch?v=xGav-z5yRiU
https://www.youtube.com/watch?v=LDGO2nVf_dM
https://www.youtube.com/watch?v=h41Rrk_6rzs
https://www.youtube.com/watch?v=pFuJAIMQjHk
https://www.youtube.com/user/musicnnewkorea
https://www.youtube.com/watch?v=XyzaMpAVm3s
https://www.youtube.com/watch?v=va5rf20Un24
https://www.youtube.com/watch?v=SdHQkkRc-hc
https://www.youtube.com/watch?v=aE0eV2YR51k
https://www.youtube.com/watch?v=GKVNfsSAFys
https://www.youtube.com/watch?v=YmC53o2_gWk
https://www.youtube.com/watch?v=ToASX6axGuw
https://www.youtube.com/watch?v=fTc5tuEn6_U
https://www.youtube.com/watch?v=Jkf8TrvtjTk
https://www.youtube.com/watch?v=-Pumg4MVjvQ
https://www.youtube.com/user/LOENENT
https://www.youtube.com/watch?v=-LVdNUn7zsM
https://www.youtube.com/watch?v=0VKcLPdY9lI
https://www.youtube.com/watch?v=NvHD5B99rhQ
https://www.youtube.com/watch?v=_eCJOj4NLlg
https://www.youtube.com/watch?v=LNZKqhXCv5c
https://www.youtube.com/watch?v=oaxUPPdXkaI
https://www.youtube.com/watch?v=BVwAVbKYYeM
https://www.youtube.com/watch?v=wAZJ_9D6lM4
https://www.youtube.com/watch?v=XQmpVHUi-0A
https://www.youtube.com/watch?v=m8MfJg68oCs
https://www.youtube.com/playlist?list=PLzjFbaFzsmMTnGBXIffiJ0XK-Umx0bgBR
https://www.youtube.com/channel/UCxAgnFbkxldX6YUEvdcNjnA
https://www.youtube.com/watch?v=heGPduf0pi4
https://www.youtube.com/channel/UCdCG-Qqp9Paaf7D-BVYgIsw
https://www.youtube.com/watch?v=lndzl0prhVw
https://www.youtube.com/user/red12734
https://www.youtube.com/watch?v=awyG1-xvqFY
https://www.youtube.com/user/MarvelKorea
https://www.youtube.com/watch?v=uT4ujjON6kY
https://www.youtube.com/user/oneringtrailers
https://www.youtube.com/watch?v=lJnoZ_DGKS8
https://www.youtube.com/user/nofeetbird
https://www.youtube.com/watch?v=2uwwbdXvOnk
https://www.youtube.com/channel/UCz_yY83qal6G8KGxRf8afpg
https://www.youtube.com/watch?v=-DWBKu1B2mw
https://www.youtube.com/watch?v=9oakrGUH9SM
https://www.youtube.com/channel/UCNzvha7IhLS9eeJCITqQGWQ
https://www.youtube.com/watch?v=qFgZnq_Uk1w
https://www.youtube.com/user/imyouralba
https://www.youtube.com/watch?v=DMa_a7jni8I
https://www.youtube.com/user/cjenmmovie
https://www.youtube.com/watch?v=tOpsnNf9Wj0
https://www.youtube.com/user/LGMobileHQ
https://www.youtube.com/watch?v=MZwsbcW-d-E
https://www.youtube.com/user/warnerbrosuktrailers
https://www.youtube.com/watch?v=MFnWvyneo7g
https://www.youtube.com/watch?v=rmF1zXoIfbY
https://www.youtube.com/channel/UCu3BjLd03jxTVHXTPqZ77iQ
https://www.youtube.com/watch?v=Lt-U_t2pUHI
https://www.youtube.com/user/MARVEL
https://www.youtube.com/playlist?list=PLmtapKaZsgZtND9yNh63IPsTW1srrV7Iy
https://www.youtube.com/channel/UCsVf5SnHAmJcZ0G7kpMcYzg
https://www.youtube.com/watch?v=DMiMoa4HG9s
https://www.youtube.com/channel/UCXjOFPPXnUggIvpAD9c2EfQ
https://www.youtube.com/watch?v=NRdD8eyGdXg
https://www.youtube.com/user/OhmynewsTV
https://www.youtube.com/watch?v=HFTq9eyxM3Q
https://www.youtube.com/user/tvchanews
https://www.youtube.com/watch?v=71WLmOdkqXk
https://www.youtube.com/channel/UCrxYxn2kvWNeCSoTjw9Uluw
https://www.youtube.com/watch?v=iwKEXkMZMqY
https://www.youtube.com/user/bakgom87
https://www.youtube.com/watch?v=3ZZho1knQdw
https://www.youtube.com/user/LittleCherryMusic
https://www.youtube.com/watch?v=LumfSLCeXCw
https://www.youtube.com/channel/UC_HRQ4IlTqG2hZYw4pH4Q0g
https://www.youtube.com/watch?v=hmQ4NrPwUko
https://www.youtube.com/user/believeinfaith5
https://www.youtube.com/watch?v=PT0ek7_gKrE
https://www.youtube.com/user/gfrdofficial
https://www.youtube.com/watch?v=mbK-bTdbxnw
https://www.youtube.com/channel/UCpeuo9srHPplA9sEzUT-kqg
https://www.youtube.com/watch?v=pJc2ypdWvEI
https://www.youtube.com/user/jypentertainment
https://www.youtube.com/watch?v=Npxqg9p1Q94
https://www.youtube.com/user/SMTOWN
https://www.youtube.com/watch?v=11qC7t3UHNQ
https://www.youtube.com/user/rsiammusic
https://www.youtube.com/feed/history
https://www.youtube.com/yt/about/ko/
https://www.youtube.com/yt/press/ko/
https://www.youtube.com/yt/copyright/ko/
https://www.youtube.com/yt/creators/ko/
https://www.youtube.com/yt/advertise/ko/
https://www.youtube.com/yt/dev/ko/
https://plus.google.com/+youtube
https://www.youtube.com/t/terms
https://www.youtube.com/yt/policyandsafety/ko/
https://support.google.com/youtube/?hl=ko
https://www.youtube.com/testtube
https://accounts.google.com/ServiceLogin?continue=https%3A%2F%2Fwww.youtube.com%2Fsignin%3Fhl%3Dko%26app%3Ddesktop%26next%3D%252F%253Fgl%253DKR%2526tab%253Dw1%26feature%3Dplaylist%26action_handle_signin%3Dtrue&uilel=3&service=youtube&passive=true&hl=ko
https://www.google.co.kr/webhp?hl=ko&tab=nw
https://www.google.co.kr/imghp?hl=ko&tab=ni
https://maps.google.co.kr/maps?hl=ko&tab=nl
https://play.google.com/?hl=ko&tab=n8
https://www.youtube.com/?hl=ko&gl=KR&tab=n1
https://mail.google.com/mail/?tab=nm
https://drive.google.com/?tab=no
https://news.google.co.kr/news/settings?cf=all&hl=ko&pz=1&ned=kr
https://www.google.com/accounts/ServiceLogin?service=news&passive=1209600&continue=https://news.google.co.kr/nwshp?hl%3Dko%26tab%3Dwn&followup=https://news.google.co.kr/nwshp?hl%3Dko%26tab%3Dwn&hl=ko
https://news.google.co.kr/news?pz=1&ned=kr
https://news.google.co.kr/news/section?cf=all&pz=1&ned=kr&topic=p
https://news.google.co.kr/news/section?cf=all&pz=1&ned=kr&topic=b
https://news.google.co.kr/news/section?cf=all&pz=1&ned=kr&topic=y
https://news.google.co.kr/news/section?cf=all&pz=1&ned=kr&topic=l
https://news.google.co.kr/news/section?cf=all&pz=1&ned=kr&topic=w
https://news.google.co.kr/news/section?cf=all&pz=1&ned=kr&topic=t
https://news.google.co.kr/news/section?cf=all&pz=1&ned=kr&topic=e
https://news.google.co.kr/news/section?cf=all&pz=1&ned=kr&topic=s
http://www.ytn.co.kr/_ln/0103_201604191832518704
https://news.google.co.kr/news/rtc?ncl=dRsRv1F87WjQsnMnmR7VlLF1etinM&authuser=0&ned=kr&topic=h
http://news.sbs.co.kr/news/endPage.do?news_id=N1003532124
http://news.jtbc.joins.com/article/article.aspx?news_id=NB11217092
https://news.google.co.kr/news/story?ncl=dRsRv1F87WjQsnMnmR7VlLF1etinM&ned=kr&topic=h
http://news.joins.com/article/19911841?cloc=joongang%7Chome%7Cnewslist1
http://www.dispatch.co.kr/502902
http://www.edaily.co.kr/news/NewsRead.edy?newsid=01630166612617760&SCD=JF21&DCD=A00602
https://news.google.co.kr/news/rtc?ncl=dpR6CeGas0yeSbM&authuser=0&ned=kr&topic=h
https://news.google.co.kr/news/story?ncl=dpR6CeGas0yeSbM&ned=kr&topic=h
http://www.ytn.co.kr/_ln/0101_201604191816439608
https://news.google.co.kr/news/rtc?ncl=d9mDS6Lqu9A1qqMLEiUF9tH3Aq_kM&authuser=0&ned=kr&topic=h
http://news.joins.com/article/19911640?cloc=rss%7Cnews%7Ctotal_list
http://news.sbs.co.kr/news/endPage.do?news_id=N1003532130
http://news.donga.com/3/00/20160419/77663102/1
http://www.edaily.co.kr/news/NewsRead.edy?DCD=A601&newsid=03145526612617760
https://news.google.co.kr/news/story?ncl=d9mDS6Lqu9A1qqMLEiUF9tH3Aq_kM&ned=kr&topic=h
http://news.kmib.co.kr/article/view.asp?arcid=0010544900&code=61121111&sid1=soc
https://news.google.co.kr/news/rtc?ncl=dhbV7YF889UFUKM&authuser=0&ned=kr&topic=h
https://news.google.co.kr/news/story?ncl=dhbV7YF889UFUKM&ned=kr&topic=h
http://www.yonhapnews.co.kr/bulletin/2016/04/19/0200000000AKR20160419115100052.HTML
https://news.google.co.kr/news/rtc?ncl=doC5lkDCIwv43SMNXhE1iK3p570BM&authuser=0&ned=kr&topic=h
http://daily.hankooki.com/lpage/politics/201604/dh20160419151837137470.htm
http://www.moneyweek.co.kr/news/mwView.php?no=2016041913028032806
http://www.nocutnews.co.kr/news/4581291
https://news.google.co.kr/news/story?ncl=doC5lkDCIwv43SMNXhE1iK3p570BM&ned=kr&topic=h
http://news.donga.com/3/02/20160419/77667844/1
https://news.google.co.kr/news/rtc?ncl=dPeiNV1KpOpfYAMX7giHRXqo0_LgM&authuser=0&ned=kr&topic=h
http://news.khan.co.kr/kh_news/khan_art_view.html?artid=201604191719011&code=970203
http://news.sbs.co.kr/news/endPage.do?news_id=N1003532116
http://www.ytn.co.kr/_ln/0104_201604192019545414
https://news.google.co.kr/news/story?ncl=dPeiNV1KpOpfYAMX7giHRXqo0_LgM&ned=kr&topic=h
http://www34.kr.idc.ajunews.com/view/20160419143615851
https://news.google.co.kr/news/rtc?ncl=dZRNGINUUk-hlTM8-3ynLE7U9HjGM&authuser=0&ned=kr&topic=p
http://www.yonhapnews.co.kr/politics/2016/04/19/0505000000AKR20160419084100001.HTML
http://www.newsis.com/ar_detail/view.html?ar_id=NISX20160419_0014030932&cID=10803&pID=10800
http://www.asiae.co.kr/news/view.htm?idxno=2016041910335151939
https://news.google.co.kr/news/story?ncl=dZRNGINUUk-hlTM8-3ynLE7U9HjGM&ned=kr&topic=p
http://www.nocutnews.co.kr/news/4581714
https://news.google.co.kr/news/rtc?ncl=dan8AxajYyooIaMO0ommqEoNAeIfM&authuser=0&ned=kr&topic=p
http://www.edaily.co.kr/news/NewsRead.edy?newsid=04119686612617760&SCD=JF21&DCD=A00602
http://news.chosun.com/site/data/html_dir/2016/04/19/2016041902829.html
http://news.donga.com/List/3/all/20160419/77673857/2
https://news.google.co.kr/news/story?ncl=dan8AxajYyooIaMO0ommqEoNAeIfM&ned=kr&topic=p
http://www.yonhapnews.co.kr/bulletin/2016/04/18/0200000000AKR20160418168000001.HTML
https://news.google.co.kr/news/rtc?ncl=dM-08U_IXAY78pMriG7hmvehln4oM&authuser=0&ned=kr&topic=p
http://www.hani.co.kr/arti/politics/politics_general/740420.html
http://news.chosun.com/site/data/html_dir/2016/04/19/2016041902005.html
http://www.imaeil.com/sub_news/sub_news_view.php?news_id=20089&yy=2016
https://news.google.co.kr/news/story?ncl=dM-08U_IXAY78pMriG7hmvehln4oM&ned=kr&topic=p
http://www.edaily.co.kr/news/NewsRead.edy?newsid=02709286612617760&SCD=JE41&DCD=A00504
https://news.google.co.kr/news/rtc?ncl=daVqy38ToACAfzMGV1JbjvrepQRzM&authuser=0&ned=kr&topic=p
http://www.segye.com/content/html/2016/04/19/20160419003567.html
http://news.mk.co.kr/newsRead.php?year=2016&no=283936
https://news.google.co.kr/news/story?ncl=daVqy38ToACAfzMGV1JbjvrepQRzM&ned=kr&topic=p
javascript:void(0);
http://news.mt.co.kr/mtview.php?no=2016041915418273941
https://news.google.co.kr/news/rtc?ncl=dyq-ywJZFb5GBOMJYVJZU9LWMZ77M&authuser=0&ned=kr&topic=b
http://www.hani.co.kr/arti/society/society_general/740474.html
http://news.mk.co.kr/newsRead.php?year=2016&no=285333
http://www.newsway.co.kr/view.php?tp=1&ud=2016041920213220378
https://news.google.co.kr/news/story?ncl=dyq-ywJZFb5GBOMJYVJZU9LWMZ77M&ned=kr&topic=b
http://news.kbs.co.kr/news/view.do?ncd=3266365
https://news.google.co.kr/news/rtc?ncl=dIGnz67kSLrJEoMjGFI466qCPViXM&authuser=0&ned=kr&topic=b
http://www.edaily.co.kr/news/NewsRead.edy?SCD=JA21&DCD=A00101&newsid=03365286612617760
http://www.yonhapnews.co.kr/economy/2016/04/19/0301000000AKR20160419079100002.HTML?template=5566
http://www.fntimes.com/paper/view.aspx?num=151649
https://news.google.co.kr/news/story?ncl=dIGnz67kSLrJEoMjGFI466qCPViXM&ned=kr&topic=b
http://news.mt.co.kr/mtview.php?no=2016041915265964526&MNF
https://news.google.co.kr/news/rtc?ncl=dpD0_uIWWR29Z_Mq0GkLiPR2S31EM&authuser=0&ned=kr&topic=b
http://vip.mk.co.kr/news/view/26/21/2540061.html
http://www.etoday.co.kr/news/section/newsview.php?idxno=1319031
https://news.google.co.kr/news/story?ncl=dpD0_uIWWR29Z_Mq0GkLiPR2S31EM&ned=kr&topic=b
http://www.nocutnews.co.kr/news/4581750
https://news.google.co.kr/news/rtc?ncl=dOppXCnMGyMbW0MwzwRKviufmNUWM&authuser=0&ned=kr&topic=b
http://news.khan.co.kr/kh_news/khan_art_view.html?artid=201604190951001&code=920508
http://www.kbench.com/?q=node/162076
http://www.newsprime.co.kr/news/article.html?no=334604&sec_no=72
https://news.google.co.kr/news/story?ncl=dOppXCnMGyMbW0MwzwRKviufmNUWM&ned=kr&topic=b
http://www.ytn.co.kr/_ln/0103_201604191643293683
https://news.google.co.kr/news/rtc?ncl=dx_nIeKqK_nRb_MoFQcf_RAbEYkrM&authuser=0&ned=kr&topic=y
http://www.yonhapnews.co.kr/society/2016/04/18/0706000000AKR20160418123600004.HTML
http://www.edaily.co.kr/news/NewsRead.edy?newsid=02692886612617760&SCD=JG41&DCD=A00704
http://news.sbs.co.kr/news/endPage.do?news_id=N1003532129
https://news.google.co.kr/news/story?ncl=dx_nIeKqK_nRb_MoFQcf_RAbEYkrM&ned=kr&topic=y
http://www.dailian.co.kr/news/view/568058
https://news.google.co.kr/news/rtc?ncl=dv9zOoX-KYEluPMo2ZiqqU1y76vxM&authuser=0&ned=kr&topic=y
http://www.yonhapnews.co.kr/society/2016/04/19/0706000000AKR20160419089400004.HTML
http://www.hani.co.kr/arti/society/society_general/740426.html
http://www.hankookilbo.com/v/72f883d575ec405097ed833cee7146c4
https://news.google.co.kr/news/story?ncl=dv9zOoX-KYEluPMo2ZiqqU1y76vxM&ned=kr&topic=y
http://www.yonhapnews.co.kr/bulletin/2016/04/19/0200000000AKR20160419186200053.HTML
https://news.google.co.kr/news/rtc?ncl=d8bXqsNAPzOgHYMGIK7vo4Wl8u6YM&authuser=0&ned=kr&topic=y
http://www.newsis.com/ar_detail/view.html?ar_id=NISX20160419_0014031831&cID=10810&pID=10800
http://www.idaegu.co.kr/news.php?mode=view&num=195072
http://www.hani.co.kr/arti/society/society_general/740354.html
https://news.google.co.kr/news/story?ncl=d8bXqsNAPzOgHYMGIK7vo4Wl8u6YM&ned=kr&topic=y
http://www.cctoday.co.kr/?mod=news&act=articleView&idxno=971043
https://news.google.co.kr/news/rtc?ncl=dy9tzb2ll5gE3UMvEzCmCbI8k6q0M&authuser=0&ned=kr&topic=y
http://www.yonhapnews.co.kr/economy/2016/04/19/0302000000AKR20160419181700004.HTML?template=2087
http://www.seoul.co.kr/news/newsView.php?id=20160420009009
http://news.kbs.co.kr/news/view.do?ncd=3266528
https://news.google.co.kr/news/story?ncl=dy9tzb2ll5gE3UMvEzCmCbI8k6q0M&ned=kr&topic=y
http://news.mt.co.kr/mtview.php?no=2016041912008299587
https://news.google.co.kr/news/rtc?ncl=dac904Fno8bC19MD4u2WEtIs-hB8M&authuser=0&ned=kr&topic=l
http://www.yonhapnews.co.kr/society/2016/04/19/0706000000AKR20160419076600017.HTML
http://www.seoul.co.kr/news/newsView.php?id=20160420008005
http://www.newsis.com/ar_detail/view.html?ar_id=NISX20160419_0014031470&cID=10201&pID=10200
https://news.google.co.kr/news/story?ncl=dac904Fno8bC19MD4u2WEtIs-hB8M&ned=kr&topic=l
http://www.newsis.com/ar_detail/view.html?ar_id=NISX20160419_0014031425&cID=10808&pID=10800
http://www.tournews21.com/news/articleView.html?idxno=23044
http://www.yonhapnews.co.kr/local/2016/04/19/0812000000AKR20160419129800055.HTML
https://news.google.co.kr/news/rtc?ncl=d7zoak3h15MJpnMCDPcDfPO2oH98M&authuser=0&ned=kr&topic=l
https://news.google.co.kr/news/story?ncl=d7zoak3h15MJpnMCDPcDfPO2oH98M&ned=kr&topic=l
http://news.mt.co.kr/mtview.php?no=2016041913141809582
https://news.google.co.kr/news/rtc?ncl=dNon1e9YysxOmUMrBgByHScqNpxFM&authuser=0&ned=kr&topic=l
http://news.khan.co.kr/kh_news/khan_art_view.html?artid=201604190958001&code=920100
http://sports.chosun.com/news/utype.htm?id=201604190100152270010840&ServiceDate=20160419
https://news.google.co.kr/news/story?ncl=dNon1e9YysxOmUMrBgByHScqNpxFM&ned=kr&topic=l
http://www.yonhapnews.co.kr/bulletin/2016/04/19/0200000000AKR20160419069400017.HTML
https://news.google.co.kr/news/rtc?ncl=dqAMBsOIh2FWTRMVfBsg-SsnsRDmM&authuser=0&ned=kr&topic=l
http://www.newsis.com/ar_detail/view.html?ar_id=NISX20160419_0014031873&cID=10201&pID=10200
http://health.kukinews.com/article/view.asp?arcid=0010546500&code=46111201
https://news.google.co.kr/news/story?ncl=dqAMBsOIh2FWTRMVfBsg-SsnsRDmM&ned=kr&topic=l
http://www.mediatoday.co.kr/?mod=news&act=articleView&idxno=129533
https://news.google.co.kr/news/rtc?ncl=dXX7aEgFkFGuS4M6kNOyv4iDURXbM&authuser=0&ned=kr&topic=w
http://www.hani.co.kr/arti/society/society_general/740425.html
http://www.newsis.com/ar_detail/view.html?ar_id=NISX20160419_0014031127&cID=10201&pID=10200
http://www.1gan.co.kr/news/articleView.html?idxno=80972
https://news.google.co.kr/news/story?ncl=dXX7aEgFkFGuS4M6kNOyv4iDURXbM&ned=kr&topic=w
http://www.ytn.co.kr/_ln/0104_201604191017208743
https://news.google.co.kr/news/rtc?ncl=dHGKmkjWfvMczKMLFItoxWs0BLEzM&authuser=0&ned=kr&topic=w
http://vip.mk.co.kr/news/view/21/21/2539631.html
http://www.newsis.com/ar_detail/view.html?ar_id=NISX20160419_0014031575&cID=10101&pID=10100
http://www.etoday.co.kr/news/section/newsview.php?idxno=1318805
https://news.google.co.kr/news/story?ncl=dHGKmkjWfvMczKMLFItoxWs0BLEzM&ned=kr&topic=w
http://www.yonhapnews.co.kr/society/2016/04/19/0706000000AKR20160419164551004.HTML
https://news.google.co.kr/news/rtc?ncl=dMLpYD5281LkhMMZgaNVtioC1E4KM&authuser=0&ned=kr&topic=w
http://news.chosun.com/site/data/html_dir/2016/04/19/2016041903159.html
http://news.joins.com/article/19911503?cloc=rss%7Cnews%7Ctotal_list
https://news.google.co.kr/news/story?ncl=dMLpYD5281LkhMMZgaNVtioC1E4KM&ned=kr&topic=w
http://www.asiae.co.kr/news/view.htm?idxno=2016041914313198906
https://news.google.co.kr/news/rtc?ncl=d8BbaWMaCd1ibFMR3Y0qX64E4sebM&authuser=0&ned=kr&topic=w
http://www.hani.co.kr/arti/politics/politics_general/740416.html?_fr=st1
http://www.ytn.co.kr/_ln/0101_201604191918454046
http://news.kmib.co.kr/article/view.asp?arcid=0923503416&code=11121100&sid1=pol
https://news.google.co.kr/news/story?ncl=d8BbaWMaCd1ibFMR3Y0qX64E4sebM&ned=kr&topic=w
http://www.hankyung.com/news/app/newsview.php?aid=2016041957961
https://news.google.co.kr/news/rtc?ncl=djeloDlPpwuJ0bMjf_w7w3hqTzZTM&authuser=0&ned=kr&topic=t
http://www.hani.co.kr/arti/economy/economy_general/740456.html
http://www.dt.co.kr/contents.html?article_no=2016042002100151808001
https://news.google.co.kr/news/story?ncl=djeloDlPpwuJ0bMjf_w7w3hqTzZTM&ned=kr&topic=t
http://news.kbs.co.kr/news/view.do?ncd=3266492
https://news.google.co.kr/news/rtc?ncl=dtO2ULKl5Nby8hM-0nlBnPwhvjrxM&authuser=0&ned=kr&topic=t
http://nollywood.newsis.com/article/view.htm?ar_id=NISX20160419_0014030881&cID=10601&pID=10600
http://www.ytn.co.kr/_ln/0103_201604192134135536
http://www.yonhapnews.co.kr/bulletin/2016/04/19/0200000000AKR20160419156700033.HTML
https://news.google.co.kr/news/story?ncl=dtO2ULKl5Nby8hM-0nlBnPwhvjrxM&ned=kr&topic=t
http://news.mt.co.kr/mtview.php?no=2016041909151848773
https://news.google.co.kr/news/rtc?ncl=d_0vtkFItlBDUZMGW3_djgYqSB3oM&authuser=0&ned=kr&topic=t
http://vip.mk.co.kr/news/view/21/20/1391329.html
http://www.newsis.com/ar_detail/view.html?ar_id=NISX20160419_0014030690&cID=10201&pID=10200
https://news.google.co.kr/news/story?ncl=d_0vtkFItlBDUZMGW3_djgYqSB3oM&ned=kr&topic=t
http://news.joins.com/article/19910745?cloc=rss%7Cnews%7Cculture
https://news.google.co.kr/news/rtc?ncl=d9rQJJJ_7JedFDMue862WE42eU7aM&authuser=0&ned=kr&topic=t
http://news.mt.co.kr/mtview.php?no=2016041915350395977&type=1&MLA
http://www.todaykorea.co.kr/news/contents.php?code=all&idxno=226582
https://news.google.co.kr/news/story?ncl=d9rQJJJ_7JedFDMue862WE42eU7aM&ned=kr&topic=t
http://osen.mt.co.kr/article/G1110397797
https://news.google.co.kr/news/rtc?ncl=d-hOdgX8Nns-G0M5POzO37RWghzkM&authuser=0&ned=kr&topic=e
http://star.mt.co.kr/stview.php?no=2016041920462794244&type=3
http://sports.chosun.com/news/news.htm?id=201604200100156370011156&ServiceDate=20160419
http://news.tf.co.kr/read/entertain/1634388.htm
https://news.google.co.kr/news/story?ncl=d-hOdgX8Nns-G0M5POzO37RWghzkM&ned=kr&topic=e
http://www.dailian.co.kr/news/view/567926
https://news.google.co.kr/news/rtc?ncl=drwNQcT72GAjZDMs1Te5OERfwzzLM&authuser=0&ned=kr&topic=e
http://ilyo.co.kr/?ac=article_view&entry_id=176235
http://www.ajunews.com/view/20160419162728140
https://news.google.co.kr/news/story?ncl=drwNQcT72GAjZDMs1Te5OERfwzzLM&ned=kr&topic=e
http://www.etoday.co.kr/news/section/newsview.php?idxno=1319117
https://news.google.co.kr/news/rtc?ncl=dhpQ8BOQ_joDQrMPSwtD-MlsidBoM&authuser=0&ned=kr&topic=e
http://sports.hankooki.com/lpage/entv/201604/sp20160419213602136710.htm
http://star.ohmynews.com/NWS_Web/OhmyStar/at_pg.aspx?CNTN_CD=A0002202376
https://news.google.co.kr/news/story?ncl=dhpQ8BOQ_joDQrMPSwtD-MlsidBoM&ned=kr&topic=e
http://sports.chosun.com/news/news.htm?id=201604200100146990010469&ServiceDate=20160419
https://news.google.co.kr/news/rtc?ncl=dyOwiaYpR2FS4AMTezArURxEyTalM&authuser=0&ned=kr&topic=e
http://news.mk.co.kr/newsRead.php?year=2016&no=283613
http://osen.mt.co.kr/article/G1110397202
http://sports.donga.com/3/02/20160419/77655869/1
https://news.google.co.kr/news/story?ncl=dyOwiaYpR2FS4AMTezArURxEyTalM&ned=kr&topic=e
http://www.etnews.com/20160419000361
https://news.google.co.kr/news/rtc?ncl=d4TUnAbA5OtVMWMaNWRSRqyb4KMLM&authuser=0&ned=kr&topic=s
http://news.khan.co.kr/kh_news/khan_art_view.html?artid=201604192115005&code=980101
http://sports.donga.com/3/01/20160419/77669445/1
http://vip.mk.co.kr/news/view/21/20/1391266.html
https://news.google.co.kr/news/story?ncl=d4TUnAbA5OtVMWMaNWRSRqyb4KMLM&ned=kr&topic=s
http://news.chosun.com/site/data/html_dir/2016/04/19/2016041902863.html
https://news.google.co.kr/news/rtc?ncl=dWx5WPYGGGXSVUMpWTzd8BL5oNwWM&authuser=0&ned=kr&topic=s
http://sports.chosun.com/news/utype.htm?id=201604200100155270011043&ServiceDate=20160419
http://news.donga.com/Sports/3/05/20160419/77670931/1
https://news.google.co.kr/news/story?ncl=dWx5WPYGGGXSVUMpWTzd8BL5oNwWM&ned=kr&topic=s
http://premium.chosun.com/site/data/html_dir/2016/04/19/2016041900408.html
https://news.google.co.kr/news/rtc?ncl=dpaQovsUaN4d_BM4hWGvwI-sELWVM&authuser=0&ned=kr&topic=s
http://joynews.inews24.com/php/news_view.php?g_serial=953220&g_menu=702210
http://www.yonhapnews.co.kr/bulletin/2016/04/19/0200000000AKR20160419052800007.HTML
https://news.google.co.kr/news/story?ncl=dpaQovsUaN4d_BM4hWGvwI-sELWVM&ned=kr&topic=s
http://sports.chosun.com/news/news.htm?id=201604190100154190010963&ServiceDate=20160419
https://news.google.co.kr/news/rtc?ncl=dYuWXCMrt74DQAM2Nzok45ep0wZ3M&authuser=0&ned=kr&topic=s
http://sports.hankooki.com/lpage/baseball/201604/sp2016041917272057360.htm
http://vip.mk.co.kr/news/view/21/21/2540145.html
https://news.google.co.kr/news/story?ncl=dYuWXCMrt74DQAM2Nzok45ep0wZ3M&ned=kr&topic=s
http://www.google.com/accounts/Login?hl=ko&skipvpage=true&sendvemail=false&continue=http://news.google.co.kr/news?hl%3Dko%26tab%3Dwn%26cf%3Dall%26pz%3D1%26ned%3Dkr%26q
https://support.google.com/news/answer/1146405
http://www.asiae.co.kr?google_editors_picks=true
http://www.asiae.co.kr/news/view.htm?idxno=2016041910060662428&google_editors_picks=true
http://www.asiae.co.kr/news/view.htm?idxno=2016041915182645047&google_editors_picks=true
http://www.asiae.co.kr/news/view.htm?idxno=2016041815194109079&google_editors_picks=true
http://www.asiae.co.kr/news/view.htm?idxno=2016041912131411912&google_editors_picks=true
http://www.asiae.co.kr/news/view.htm?idxno=2016041914490034371&google_editors_picks=true
https://play.google.com/store/apps/details?id=org.asiae.google
https://itunes.apple.com/kr/app/id348579978
http://support.google.com/news/answer/1004865?hl=ko
http://imnews.imbc.com/replay/2016/nw1800/article/3947864_19830.html
http://news.google.co.kr/news?cf=all&hl=ko&pz=1&ned=kr&output=rss
http://support.google.com/news/bin/answer.py?hl=ko&answer=40237
http://support.google.com/news/answer/106259?hl=ko
http://support.google.com/news/answer/59255?hl=ko
http://support.google.com/news/?hl=ko&hl=ko
http://www.google.com/intl/ko_kr/about/
https://www.google.com/intl/ko_kr/policies/privacy/
https://www.google.com/intl/ko_kr/policies/terms/
https://www.google.co.kr/webhp?hl=ko
http://www.google.co.kr/intl/ko_kr/ads/
http://www.google.co.kr/intl/ko_kr/services/
https://accounts.google.com/RecoverAccount?service=mail&continue=https%3A%2F%2Fmail.google.com%2Fmail%2F%3Ftab%3Dwm&ignoreShadow=0&hl=en
https://accounts.google.com/AccountChooser?continue=https%3A%2F%2Fmail.google.com%2Fmail%2F%3Ftab%3Dwm&hl=en&service=mail&scc=1
https://accounts.google.com/SignUp?service=mail&continue=https%3A%2F%2Fmail.google.com%2Fmail%2F%3Ftab%3Dwm&ltmpl=default
https://www.google.com/intl/en/about
https://accounts.google.com/TOS?loc=KR&hl=en&privacy=true
https://accounts.google.com/TOS?loc=KR&hl=en
http://www.google.com/support/accounts?hl=en
https://www.google.com/
https://www.google.co.kr/intl/ko/about/
https://support.google.com/accounts/?p=google_bar
https://www.google.com/intl/ko/insidesearch/
https://www.google.co.kr/chrome?hl=ko&brand=CHMI
http://toolbar.google.com/intl/ko/
https://www.google.co.kr/bookmarks/
https://www.google.co.kr/mobile/
https://www.google.co.kr/mobile/maps/
https://www.google.co.kr/mobile/search/
https://www.google.co.kr/intl/ko/adwords/start/?channel=et-product_page?sourceid=awo&subid=kr-ww-et-about-products
https://www.google.com/intx/ko_kr/enterprise/apps/business/index.html?utm_source=google_products&utm_medium=et&utm_campaign=smb_apps
https://www.google.co.kr/business/?gmbsrc=kr-ko-et-gs-z-gmb-s-z-h~pro-z-u&ppsrc=GMBB0&utm_campaign=kr-ko-et-gs-z-gmb-s-z-h~pro-z-u&utm_source=gmb&utm_medium=et
https://www.google.com/intl/ALL_ko/adsense/start/?sourceid=ads&subid=ww-ww-et-about-products&utm_source=internal&utm_medium=et&utm_campaign=app_switcher_ev_mr
https://www.google.com/intl/ALL_ko/admob/?subid=ww-ww-et-about-products&utm_source=internal&utm_medium=et&utm_term=goo.gl%2FPZaclC&utm_content=midpage&utm_campaign=googlehome%26producticon
https://books.google.co.kr/books?hl=ko
https://images.google.co.kr/imghp?hl=ko
https://news.google.co.kr/nwshp?hl=ko
https://video.google.co.kr/?hl=ko
https://picasa.google.co.kr/intl/ko/#utm_source=ko-all-more&utm_campaign=ko-pic&utm_medium=et
https://maps.google.co.kr/?hl=ko
https://www.google.co.kr/intl/ko/earth/
http://www.panoramio.com/
https://www.google.co.kr/coop/cse/?hlko
https://scholar.google.com/?hl=ko
https://www.google.co.kr/trends/?hl=ko
https://www.google.com/intl/ko/mail/help/about.html#utm_source=ko-et-more&utm_medium=et&utm_campaign=ko
https://www.google.co.kr/drive/?utm_medium=et&utm_source=about&utm_campaign=et-about
https://docs.google.com/document?usp=about_products
https://docs.google.com/spreadsheets?usp=about_products
https://docs.google.com/presentation?usp=about_products
https://docs.google.com/forms/create?usp=about_productspage&authuser=0
https://docs.google.com/drawings/create?usp=about_products&authuser=0
https://sites.google.com
https://www.google.com/calendar/render?hl=ko
https://translate.google.co.kr/?hl=ko
https://www.google.com/cloudprint/learn/?hl=ko
https://keep.google.com
https://store.google.com/?hl=ko&utm_source=SE&utm_medium=AGP&utm_campaign=HP
https://plus.google.com/?utm_source=embedded&utm_medium=googleabout&utm_campaign=link
https://www.blogger.com/start?hl=ko
https://groups.google.com/grphp?hl=ko
https://www.google.co.kr/hangouts/
https://www.google.co.kr/intl/ko/about/company/
https://www.google.co.kr/intl/ko/about/company/facts/
https://www.google.co.kr/intl/ko/about/company/philosophy/
https://www.google.co.kr/intl/ko/about/company/products/
https://www.google.co.kr/intl/ko/press/
https://www.google.co.kr/intl/ko/press/images.html
https://www.google.co.kr/intl/ko/press/blog-social-directory.html
https://www.google.co.kr/intl/ko/about/careers/
https://www.google.co.kr/intl/ko/about/careers/search/
https://www.google.co.kr/intl/ko/about/careers/locations/
https://www.google.co.kr/intl/ko/about/careers/teams/
https://www.google.co.kr/intl/ko/about/careers/lifeatgoogle/
https://investor.google.com/
https://investor.google.com/releases.html
https://investor.google.com/earnings.html
https://investor.google.com/corporate/message.html
https://www.google.co.kr/intl/ko/contact/
https://www.google.co.kr/
https://www.google.co.kr/intl/ko/policies/
https://support.google.com/accounts/answer/61416
https://accounts.google.com/Login
https://www.google.com/policies/privacy/
https://www.google.com/policies/terms/
https://www.youtube.com/?hl=ko&gl=KR&tab=w1
https://accounts.google.com/ServiceLogin?hl=ko&passive=true&continue=https://www.google.co.kr/preferences%3Fhl%3Dko
https://www.google.co.kr/webhp
https://accounts.google.com/ManageAccount
https://www.google.com/support/websearch/bin/answer.py?answer=35892&hl=ko&p=settings_help
https://www.google.co.kr/about.html
https://www.google.co.kr/cookies.html
https://support.google.com/websearch?p=ws_settings_safesearch&hl=ko
https://accounts.google.com/ServiceLogin?service=safesearchlock&ltmpl=lk&hl=ko&continue=https://www.google.co.kr/preferences/sslock%3Fhl%3Dko%26op%3D0%26prev%3D/preferences%253Fhl%253Dko%2526prev%253D/%26sig%3DAAm6Z9sAAAAAVxYzkZfW3ELZFkCjUKcbMOnOdXYQK7YQ
https://support.google.com/websearch?p=ws_settings_safesearch_lock&hl=ko&authuser=0
https://accounts.google.com/RecoverAccount?continue=https%3A%2F%2Fwww.google.co.kr%2F%3Fgfe_rd%3Dcr%26ei%3DhCwWV9vrJcvC8ge914H4Bg&ignoreShadow=0&hl=ko
https://accounts.google.com/AccountChooser?continue=https%3A%2F%2Fwww.google.co.kr%2F%3Fgfe_rd%3Dcr%26ei%3DhCwWV9vrJcvC8ge914H4Bg&hl=ko
https://accounts.google.com/SignUp?continue=https%3A%2F%2Fwww.google.co.kr%2F%3Fgfe_rd%3Dcr%26ei%3DhCwWV9vrJcvC8ge914H4Bg&hl=ko
https://www.google.com/intl/ko/about
https://accounts.google.com/TOS?loc=KR&hl=ko&privacy=true
https://accounts.google.com/TOS?loc=KR&hl=ko
http://www.google.com/support/accounts?hl=ko
https://www.google.co.kr/imghp?hl=ko&authuser=0&tab=wi
https://maps.google.co.kr/maps?hl=ko&authuser=0&tab=wl
https://play.google.com/?hl=ko&authuser=0&tab=w8
https://www.youtube.com/?hl=ko&authuser=0&gl=KR&tab=w1
https://accounts.google.com/ServiceLogin?hl=ko&passive=true&continue=https://www.google.co.kr/advanced_search%3Fhl%3Dko%26authuser%3D0
https://www.google.co.kr/?hl=ko
https://support.google.com/websearch?p=adv_safesearch&hl=ko
https://support.google.com/websearch?p=ws_images_usagerights&hl=ko
https://support.google.com/websearch?p=adv_pages_similar&hl=ko
https://support.google.com/websearch?p=adv_pages_visited&hl=ko
https://support.google.com/websearch?p=adv_operators&hl=ko
https://www.google.com/webhp?tab=Tw
http://www.google.com/imghp?hl=en&tab=Ti
https://maps.google.com/maps?hl=en&tab=Tl
https://play.google.com/?hl=en&tab=T8
https://www.youtube.com/?tab=T1
https://news.google.com/nwshp?hl=en&tab=Tn
https://mail.google.com/mail/?tab=Tm
https://drive.google.com/?tab=To
https://www.google.com/intl/en/options/
http://www.google.com/support/translate/
https://accounts.google.com/ServiceLogin?hl=en&passive=true&continue=https://translate.google.com/
https://translate.google.com/?hl=en
https://translate.google.com/
https://translate.google.com/?hl=en&eotf=0
https://translate.google.com/?tr=f&hl=en
https://translate.google.com/?tr=t&hl=en
http://www.google.com/url?rs=rsmf&q=http://translate.google.com/toolkit%3Fhl%3Den
http://www.google.com/url?rs=rsmf&q=http://translate.google.com/manager/website/%3Fhl%3Den
http://www.google.com/url?rs=rsmf&q=http://translate.google.com/globalmarketfinder/%3Flocale%3Den
http://www.google.com/url?rs=rssf&q=http://translate.google.com/about/intl/en_ALL/
http://www.google.com/url?rs=rssf&q=//translate.google.com/community
http://www.google.com/url?rs=rssf&q=http://www.google.com/mobile/translate/
https://google.com/+GoogleTranslate
https://googletranslate.blogspot.com/
http://www.google.com/url?rs=rssf&q=//www.google.com/about
http://www.google.com/url?rs=rssf&q=http://www.google.com/intl/en/policies/
http://www.google.com/url?rs=rssf&q=http://www.google.com/support/translate/
https://www.google.co.kr/intl/ko/services/sitemap.html
https://www.google.co.kr/intl/ko/ads/#content
https://www.google.co.kr/adwords/?channel=et-ads&subid=kr-ww-et-adshp_aw_start_img&utm_medium=et&utm_campaign=kr-ww-et-adshp_aw_start_img&utm_source=adshp&sourceid=awo
https://adwords.google.com/um/StartNow?sourceid=awo&subid=kr-ww-et-adshp_aw_start_bt&hl=ko_KR
https://www.google.co.kr/adwords/?channel=et-ads&subid=kr-ww-et-adshp_aw_start_lrn&utm_medium=et&utm_campaign=kr-ww-et-adshp_aw_start_lrn&utm_source=adshp&sourceid=awo
tel:080-900-0071
https://www.google.com/adsense/signup?hl=ko&sourceid=aso&subid=kr-ww-et-adshp_aw_img&_ga=1.184844256.899971469.1425517854
https://www.google.com/adsense/signup?hl=ko&sourceid=aso&subid=kr-ww-et-adshp_aw_start_bt&_ga=1.184901600.899971469.1425517854
https://www.google.com/adsense/?hl=ko&sourceid=aso&subid=kr-ww-et-adshp_aw_lrn&_ga=1.189511522.899971469.1425517854
http://www.google.co.kr/intl/ko/services/#content
https://www.google.com/local/business/add?hl=ko&service=plus&gmbsrc=kr-ww-et-gs-z-gmb-s-z-l~ser-get_bf-d&ppsrc=GMBEG&utm_campaign=kr-ww-et-gs-z-gmb-s-z-l~ser-get_bf-d&utm_source=gmb&utm_medium=et
https://plus.google.com/pages/create?hl=ko&gmbsrc=kr-ww-et-gs-z-gmb-s-z-u~ser-get_bf-m&ppsrc=GMBEG&utm_campaign=kr-ww-et-gs-z-gmb-s-z-u~ser-get_bf-m&utm_source=gmb&utm_medium=et
http://www.google.co.kr/intl/ko/business/?gmbsrc=kr-ww-et-gs-z-gmb-s-z-h~ser-learn_bf-u&ppsrc=GMBEL&utm_campaign=kr-ww-et-gs-z-gmb-s-z-h~ser-learn_bf-u&utm_source=gmb&utm_medium=et
https://www.google.com/local/business/add?hl=ko&service=plus&gmbsrc=kr-ww-et-gs-z-gmb-s-z-l~ser-get_ri-d&ppsrc=GMBEG&utm_campaign=kr-ww-et-gs-z-gmb-s-z-l~ser-get_ri-d&utm_source=gmb&utm_medium=et
https://plus.google.com/pages/create?hl=ko&gmbsrc=kr-ww-et-gs-z-gmb-s-z-u~ser-get_ri-m&ppsrc=GMBEG&utm_campaign=kr-ww-et-gs-z-gmb-s-z-u~ser-get_ri-m&utm_source=gmb&utm_medium=et
http://www.google.co.kr/intl/ko/business/?gmbsrc=kr-ww-et-gs-z-gmb-s-z-h~ser-learn_ri-u&ppsrc=GMBEL&utm_campaign=kr-ww-et-gs-z-gmb-s-z-h~ser-learn_ri-u&utm_source=gmb&utm_medium=et
https://www.google.com/local/business/add?hl=ko&service=plus&gmbsrc=kr-ww-et-gs-z-gmb-s-z-l~ser-get_cn-d&ppsrc=GMBEG&utm_campaign=kr-ww-et-gs-z-gmb-s-z-l~ser-get_cn-d&utm_source=gmb&utm_medium=et
https://plus.google.com/pages/create?hl=ko&gmbsrc=kr-ww-et-gs-z-gmb-s-z-u~ser-get_cn-m&ppsrc=GMBEG&utm_campaign=kr-ww-et-gs-z-gmb-s-z-u~ser-get_cn-m&utm_source=gmb&utm_medium=et
http://www.google.co.kr/intl/ko/business/?gmbsrc=kr-ww-et-gs-z-gmb-s-z-h~ser-learn_cn-u&ppsrc=GMBEL&utm_campaign=kr-ww-et-gs-z-gmb-s-z-h~ser-learn_cn-u&utm_source=gmb&utm_medium=et
https://adwords.google.com/um/signin?sourceid=awo&subid=kr-ww-et-nelson_bizsol&hl=ko_KR
https://support.google.com/adwords/?hl=ko
https://www.google.co.kr/intl/ko/work/apps/business/?utm_medium=et&utm_campaign=ko&utm_source=kr-ww-et-nelson_bizsol
http://www.google.co.kr/intl/ko/analytics/#utm_medium=et&utm_campaign=ko&utm_source=kr-ww-et-nelson_bizsol
http://www.google.co.kr/intl/ko/services/sitemap.html
http://www.google.co.kr/
http://www.google.co.kr/intl/ko/about/
http://www.google.co.kr/intl/ko/policies/privacy/
http://www.google.co.kr/intl/ko/policies/terms/
https://www.google.co.kr/webhp?tab=Xw
http://www.google.co.kr/imghp?hl=ko&tab=Xi
https://maps.google.co.kr/maps?hl=ko&tab=Xl
https://play.google.com/?hl=ko&tab=X8
https://www.youtube.com/?tab=X1
https://news.google.co.kr/nwshp?hl=ko&tab=Xn
https://mail.google.com/mail/?tab=Xm
https://drive.google.com/?tab=Xo
http://www.google.com/intl/ko/+/learnmore/forum/
https://www.google.com/support/profiles/?p=help_center&hl=ko
https://accounts.google.com/ServiceLogin?service=oz&passive=1209600&continue=https://plus.google.com/%2Bgooglekorea?gpsrc%3Dgplp0
https://plus.google.com/stream
https://plus.google.com/me
https://plus.google.com/people
https://plus.google.com/collections
https://plus.google.com/explore
https://plus.google.com/communities
https://plus.google.com/events
https://plus.google.com/hangouts?n=1
https://plus.google.com/dashboard?ppsrc=gpnv0
https://plus.google.com/settings/plus
https://www.google.com/intl/ko/+/policy/
https://www.google.com/intl/ko/+/policy/content.html
https://www.google.com/intl/ko/help/terms_maps.html
http://www.google.co.kr
https://plus.google.com/+googlekorea/posts/Gc2pSym1SX4
http://youtubekrblog.blogspot.com/2016/04/360.html
https://plus.google.com/114934113214117930557
https://plus.google.com/+googlekorea/posts/9pr9A769RTP
https://goo.gl/OnGquV
https://plus.google.com/116230879459598422894
https://plus.google.com/+googlekorea/posts/bD4XkP5pCYY
https://goo.gl/3HrrkV
https://plus.google.com/+googlekorea/posts/Gjt25SB4XMC
http://googlekoreablog.blogspot.com/2016/03/google-play-indie-games-festival.html
https://plus.google.com/105878703369123168876
https://plus.google.com/+googlekorea/posts/4PtzbWEBTsU
http://googlekoreablog.blogspot.com/2016/03/2016-Android-Experiments-IO-Challenge.html
https://plus.google.com/+googlekorea/posts/Xxcc1R5PNfA
https://cloudplatform.googleblog.com/2016/03/Google-Data-Center-360-Tour.html
https://plus.google.com/112434576284145863620
https://plus.google.com/101561688487031097889
https://plus.google.com/115991804913160158412
